<?xml version="1.0" encoding="UTF-8" ?>
<testsuite tests="10" failures="0" name="com.test.qa_technical_test.CukesRunnerTest" time="0.012" errors="0" skipped="0">
  <properties>
    <property name="java.runtime.name" value="Java(TM) SE Runtime Environment"/>
    <property name="sun.boot.library.path" value="C:\Program Files\Java\jre1.8.0_65\bin"/>
    <property name="java.vm.version" value="25.65-b01"/>
    <property name="java.vm.vendor" value="Oracle Corporation"/>
    <property name="java.vendor.url" value="http://java.oracle.com/"/>
    <property name="path.separator" value=";"/>
    <property name="guice.disable.misplaced.annotation.check" value="true"/>
    <property name="java.vm.name" value="Java HotSpot(TM) 64-Bit Server VM"/>
    <property name="file.encoding.pkg" value="sun.io"/>
    <property name="user.script" value=""/>
    <property name="user.country" value="US"/>
    <property name="sun.java.launcher" value="SUN_STANDARD"/>
    <property name="sun.os.patch.level" value=""/>
    <property name="java.vm.specification.name" value="Java Virtual Machine Specification"/>
    <property name="user.dir" value="C:\Users\Sravya\Desktop\New folder\Cucumber-API_Testing-Java-master"/>
    <property name="java.runtime.version" value="1.8.0_65-b17"/>
    <property name="java.awt.graphicsenv" value="sun.awt.Win32GraphicsEnvironment"/>
    <property name="java.endorsed.dirs" value="C:\Program Files\Java\jre1.8.0_65\lib\endorsed"/>
    <property name="os.arch" value="amd64"/>
    <property name="java.io.tmpdir" value="C:\Users\Sravya\AppData\Local\Temp\"/>
    <property name="line.separator" value="
"/>
    <property name="java.vm.specification.vendor" value="Oracle Corporation"/>
    <property name="user.variant" value=""/>
    <property name="os.name" value="Windows 10"/>
    <property name="classworlds.conf" value="D:\Framework_VMSoft\.metadata\.plugins\org.eclipse.m2e.launching\launches\m2conf3975482493986848801.tmp"/>
    <property name="sun.jnu.encoding" value="Cp1252"/>
    <property name="java.library.path" value="C:\Program Files\Java\jre1.8.0_65\bin;C:\WINDOWS\Sun\Java\bin;C:\WINDOWS\system32;C:\WINDOWS;C:/Program Files/Java/jre1.8.0_65/bin/server;C:/Program Files/Java/jre1.8.0_65/bin;C:/Program Files/Java/jre1.8.0_65/lib/amd64;C:\ProgramData\Oracle\Java\javapath;C:\Program Files (x86)\Intel\iCLS Client\;C:\Program Files\Intel\iCLS Client\;C:\WINDOWS\system32;C:\WINDOWS;C:\WINDOWS\System32\Wbem;C:\WINDOWS\System32\WindowsPowerShell\v1.0\;C:\Program Files\Intel\Intel(R) Management Engine Components\DAL;C:\Program Files\Intel\Intel(R) Management Engine Components\IPT;C:\Program Files (x86)\Intel\Intel(R) Management Engine Components\DAL;C:\Program Files (x86)\Intel\Intel(R) Management Engine Components\IPT;C:\Program Files\Intel\WiFi\bin\;C:\Program Files\Common Files\Intel\WirelessCommon\;C:\Program Files (x86)\Windows Live\Shared;E:\Softwares\apache-maven-3.2.3\bin;C:\Program Files\Java\jdk1.8.0_65\bin;D:\Softwares\apache-ant-1.9.4\bin;C:\apache-maven-3.3.9-bin\apache-maven-3.3.9\bin;C:\Program Files (x86)\MySQL\MySQL Fabric 1.5 &amp; MySQL Utilities 1.5\;C:\Program Files (x86)\MySQL\MySQL Fabric 1.5 &amp; MySQL Utilities 1.5\Doctrine extensions for PHP\;D:\SDK/tools;D:\SDK/platform-tools;C:\Program Files (x86)\Skype\Phone\;C:\Users\Sravya\AppData\Roaming\npm;C:\Program Files\nodejs\;C:\Program Files (x86)\Plantronics\Spokes3G\;C:\Program Files\Microsoft VS Code\bin;C:\Users\Sravya\AppData\Roaming\npm;C:\Program Files\Docker Toolbox;C:\Program Files\Docker Toolbox;C:\Users\Sravya\Desktop\eclipse;;."/>
    <property name="java.specification.name" value="Java Platform API Specification"/>
    <property name="java.class.version" value="52.0"/>
    <property name="sun.management.compiler" value="HotSpot 64-Bit Tiered Compilers"/>
    <property name="os.version" value="10.0"/>
    <property name="user.home" value="C:\Users\Sravya"/>
    <property name="user.timezone" value="Asia/Calcutta"/>
    <property name="java.awt.printerjob" value="sun.awt.windows.WPrinterJob"/>
    <property name="java.specification.version" value="1.8"/>
    <property name="file.encoding" value="Cp1252"/>
    <property name="user.name" value="Sravya"/>
    <property name="java.class.path" value="/C:/Users/Sravya/Desktop/eclipse/plugins/org.eclipse.m2e.maven.runtime_1.5.1.20150109-1819/jars/plexus-classworlds-2.5.1.jar"/>
    <property name="org.slf4j.simpleLogger.defaultLogLevel" value="info"/>
    <property name="java.vm.specification.version" value="1.8"/>
    <property name="sun.arch.data.model" value="64"/>
    <property name="java.home" value="C:\Program Files\Java\jre1.8.0_65"/>
    <property name="sun.java.command" value="org.codehaus.plexus.classworlds.launcher.Launcher -B test"/>
    <property name="java.specification.vendor" value="Oracle Corporation"/>
    <property name="user.language" value="en"/>
    <property name="awt.toolkit" value="sun.awt.windows.WToolkit"/>
    <property name="java.vm.info" value="mixed mode"/>
    <property name="java.version" value="1.8.0_65"/>
    <property name="java.ext.dirs" value="C:\Program Files\Java\jre1.8.0_65\lib\ext;C:\WINDOWS\Sun\Java\lib\ext"/>
    <property name="sun.boot.class.path" value="C:\Program Files\Java\jre1.8.0_65\lib\resources.jar;C:\Program Files\Java\jre1.8.0_65\lib\rt.jar;C:\Program Files\Java\jre1.8.0_65\lib\sunrsasign.jar;C:\Program Files\Java\jre1.8.0_65\lib\jsse.jar;C:\Program Files\Java\jre1.8.0_65\lib\jce.jar;C:\Program Files\Java\jre1.8.0_65\lib\charsets.jar;C:\Program Files\Java\jre1.8.0_65\lib\jfr.jar;C:\Program Files\Java\jre1.8.0_65\classes"/>
    <property name="java.vendor" value="Oracle Corporation"/>
    <property name="maven.home" value="C:\Users\Sravya\Desktop\New folder\Cucumber-API_Testing-Java-master\EMBEDDED"/>
    <property name="file.separator" value="\"/>
    <property name="java.vendor.url.bug" value="http://bugreport.sun.com/bugreport/"/>
    <property name="sun.cpu.endian" value="little"/>
    <property name="sun.io.unicode.encoding" value="UnicodeLittle"/>
    <property name="sun.desktop" value="windows"/>
    <property name="sun.cpu.isalist" value="amd64"/>
  </properties>
  <testcase classname="| New user | john_daggot | ZP5JdLA7e | null | john_daggot | john_daggot | null | null | john_daggot | 0 |" name="Given A username &quot;john_daggot&quot; and password &quot;ZP5JdLA7e&quot;" time="0.003"/>
  <testcase classname="| New user | john_daggot | ZP5JdLA7e | null | john_daggot | john_daggot | null | null | john_daggot | 0 |" name="And UserType is &quot;New user&quot;" time="0.001"/>
  <testcase classname="| New user | john_daggot | ZP5JdLA7e | null | john_daggot | john_daggot | null | null | john_daggot | 0 |" name="When I make a POST request to &quot;/auth/login&quot;" time="0.001"/>
  <testcase classname="| New user | john_daggot | ZP5JdLA7e | null | john_daggot | john_daggot | null | null | john_daggot | 0 |" name="Then The response status code should be &quot;200&quot;" time="0"/>
  <testcase classname="| New user | john_daggot | ZP5JdLA7e | null | john_daggot | john_daggot | null | null | john_daggot | 0 |" name="| New user | john_daggot | ZP5JdLA7e | null | john_daggot | john_daggot | null | null | john_daggot | 0 |" time="0.001"/>
  <testcase classname="| Existing user | christopher_zarconi | SongMore7 | 106260 | christopher_zarconi | christopher_zarconi | null | PR | christopher_zarconi | 1 |" name="Given A username &quot;christopher_zarconi&quot; and password &quot;SongMore7&quot;" time="0.001"/>
  <testcase classname="| Existing user | christopher_zarconi | SongMore7 | 106260 | christopher_zarconi | christopher_zarconi | null | PR | christopher_zarconi | 1 |" name="And UserType is &quot;Existing user&quot;" time="0"/>
  <testcase classname="| Existing user | christopher_zarconi | SongMore7 | 106260 | christopher_zarconi | christopher_zarconi | null | PR | christopher_zarconi | 1 |" name="When I make a POST request to &quot;/auth/login&quot;" time="0.001"/>
  <testcase classname="| Existing user | christopher_zarconi | SongMore7 | 106260 | christopher_zarconi | christopher_zarconi | null | PR | christopher_zarconi | 1 |" name="Then The response status code should be &quot;200&quot;" time="0.001"/>
  <testcase classname="| Existing user | christopher_zarconi | SongMore7 | 106260 | christopher_zarconi | christopher_zarconi | null | PR | christopher_zarconi | 1 |" name="| Existing user | christopher_zarconi | SongMore7 | 106260 | christopher_zarconi | christopher_zarconi | null | PR | christopher_zarconi | 1 |" time="0.003"/>
</testsuite>